Change Component Designator: Old Designator=C? New Designator=C8000
Change Component Designator: Old Designator=C? New Designator=C8001
Change Component Designator: Old Designator=C? New Designator=C8002
Change Component Designator: Old Designator=C? New Designator=C8003
Change Component Designator: Old Designator=C? New Designator=C8004
Change Component Designator: Old Designator=C? New Designator=C8005
Change Component Designator: Old Designator=C? New Designator=C8006
Change Component Designator: Old Designator=C? New Designator=C8007
Change Component Designator: Old Designator=C? New Designator=C8008
Change Component Designator: Old Designator=C? New Designator=C8009
Change Component Designator: Old Designator=C? New Designator=C8010
Change Component Designator: Old Designator=C? New Designator=C8011
Change Component Designator: Old Designator=C? New Designator=C8012
Change Component Designator: Old Designator=C? New Designator=C8013
Change Component Designator: Old Designator=C? New Designator=C8014
Change Component Designator: Old Designator=C? New Designator=C8015
Change Component Designator: Old Designator=C? New Designator=C8016
Change Component Designator: Old Designator=C? New Designator=C8017
Change Component Designator: Old Designator=C? New Designator=C8018
Change Component Designator: Old Designator=C? New Designator=C8019
Change Component Designator: Old Designator=C? New Designator=C8020
Change Component Designator: Old Designator=C? New Designator=C8021
Change Component Designator: Old Designator=IC? New Designator=IC8000
Change Component Designator: Old Designator=L? New Designator=L8000
Change Component Designator: Old Designator=L? New Designator=L8001
Change Component Designator: Old Designator=Q? New Designator=Q8000
Change Component Designator: Old Designator=Q? New Designator=Q8001
Change Component Designator: Old Designator=R? New Designator=R8000
Change Component Designator: Old Designator=R? New Designator=R8001
Change Component Designator: Old Designator=R? New Designator=R8002
Change Component Designator: Old Designator=R? New Designator=R8003
Change Component Designator: Old Designator=R? New Designator=R8004
Change Component Designator: Old Designator=R? New Designator=R8005
Change Component Designator: Old Designator=R? New Designator=R8006
Change Component Designator: Old Designator=R? New Designator=R8007
Change Component Designator: Old Designator=R? New Designator=R8008
Change Component Designator: Old Designator=R? New Designator=R8009
