Change Component Designator: Old Designator=C? New Designator=C8000
Change Component Designator: Old Designator=C? New Designator=C8001
Change Component Designator: Old Designator=C? New Designator=C8002
Change Component Designator: Old Designator=C? New Designator=C8003
Change Component Designator: Old Designator=C? New Designator=C8004
Change Component Designator: Old Designator=C? New Designator=C8005
Change Component Designator: Old Designator=C? New Designator=C8006
Change Component Designator: Old Designator=C? New Designator=C8007
Change Component Designator: Old Designator=C? New Designator=C8008
Change Component Designator: Old Designator=C? New Designator=C8009
Change Component Designator: Old Designator=C? New Designator=C8010
Change Component Designator: Old Designator=C? New Designator=C8011
Change Component Designator: Old Designator=C? New Designator=C8012
Change Component Designator: Old Designator=C? New Designator=C8013
Change Component Designator: Old Designator=C? New Designator=C8014
Change Component Designator: Old Designator=C? New Designator=C8015
Change Component Designator: Old Designator=C? New Designator=C8016
Change Component Designator: Old Designator=C? New Designator=C8017
Change Component Designator: Old Designator=C? New Designator=C8018
Change Component Designator: Old Designator=C? New Designator=C8019
Change Component Designator: Old Designator=C? New Designator=C8020
Change Component Designator: Old Designator=C? New Designator=C8021
Change Component Designator: Old Designator=C? New Designator=C8022
Change Component Designator: Old Designator=C? New Designator=C8023
Change Component Designator: Old Designator=C? New Designator=C8024
Change Component Designator: Old Designator=C? New Designator=C8025
Change Component Designator: Old Designator=C? New Designator=C8026
Change Component Designator: Old Designator=C? New Designator=C8027
Change Component Designator: Old Designator=C? New Designator=C8028
Change Component Designator: Old Designator=C? New Designator=C8029
Change Component Designator: Old Designator=C? New Designator=C8030
Change Component Designator: Old Designator=C? New Designator=C8031
Change Component Designator: Old Designator=C? New Designator=C8032
Change Component Designator: Old Designator=CHF? New Designator=CHF8000
Change Component Designator: Old Designator=IC? New Designator=IC8000
Change Component Designator: Old Designator=L? New Designator=L8000
Change Component Designator: Old Designator=L? New Designator=L8001
Change Component Designator: Old Designator=Q? New Designator=Q8000
Change Component Designator: Old Designator=Q? New Designator=Q8001
Change Component Designator: Old Designator=R? New Designator=R8001
Change Component Designator: Old Designator=R? New Designator=R8002
Change Component Designator: Old Designator=R? New Designator=R8004
Change Component Designator: Old Designator=R? New Designator=R8005
Change Component Designator: Old Designator=R? New Designator=R8007
Change Component Designator: Old Designator=R? New Designator=R8008
Change Component Designator: Old Designator=R? New Designator=R8009
Change Component Designator: Old Designator=R? New Designator=R8010
Change Component Designator: Old Designator=R? New Designator=R8011
Change Component Designator: Old Designator=R? New Designator=R8012
Change Component Designator: Old Designator=R? New Designator=R8013
Change Component Designator: Old Designator=R? New Designator=R8014
Change Component Designator: Old Designator=R? New Designator=R8015
Change Component Designator: Old Designator=R? New Designator=R8016
Change Component Designator: Old Designator=R? New Designator=R8017
Change Component Designator: Old Designator=SD? New Designator=SD8000
Change Component Designator: Old Designator=TP? New Designator=TP8000
Change Component Designator: Old Designator=TP? New Designator=TP8001
Change Component Designator: Old Designator=TP? New Designator=TP8002
Change Component Designator: Old Designator=TP? New Designator=TP8003
Change Component Designator: Old Designator=TP? New Designator=TP8004
Change Component Designator: Old Designator=TP? New Designator=TP8005
Change Component Designator: Old Designator=TP? New Designator=TP8006
Change Component Designator: Old Designator=TP? New Designator=TP8007
Change Component Designator: Old Designator=TP? New Designator=TP8008
Change Component Designator: Old Designator=TP? New Designator=TP8009
Change Component Designator: Old Designator=TP? New Designator=TP8011
Change Component Designator: Old Designator=TP? New Designator=TP8012
Change Component Designator: Old Designator=TP? New Designator=TP8013
Change Component Designator: Old Designator=TP? New Designator=TP8014
Change Component Designator: Old Designator=TP? New Designator=TP8015
Change Component Designator: Old Designator=TP? New Designator=TP8016
