Change Component Designator: Old Designator=C8000 New Designator=C8001
Change Component Designator: Old Designator=C8001 New Designator=C8002
Change Component Designator: Old Designator=C8002 New Designator=C8003
Change Component Designator: Old Designator=C8003 New Designator=C8004
Change Component Designator: Old Designator=C8006 New Designator=C8005
Change Component Designator: Old Designator=C8007 New Designator=C8006
Change Component Designator: Old Designator=C8011 New Designator=C8014
Change Component Designator: Old Designator=C8012 New Designator=C8015
Change Component Designator: Old Designator=C8013 New Designator=C8016
Change Component Designator: Old Designator=C8014 New Designator=C8017
Change Component Designator: Old Designator=C8015 New Designator=C8018
Change Component Designator: Old Designator=C8016 New Designator=C8019
Change Component Designator: Old Designator=C8017 New Designator=C8020
Change Component Designator: Old Designator=C8018 New Designator=C8021
Change Component Designator: Old Designator=C8019 New Designator=C8022
Change Component Designator: Old Designator=C8020 New Designator=C8023
Change Component Designator: Old Designator=C8021 New Designator=C8024
Change Component Designator: Old Designator=C? New Designator=C8000
Change Component Designator: Old Designator=C? New Designator=C8007
Change Component Designator: Old Designator=C? New Designator=C8008
Change Component Designator: Old Designator=C? New Designator=C8010
Change Component Designator: Old Designator=C? New Designator=C8011
Change Component Designator: Old Designator=C? New Designator=C8012
Change Component Designator: Old Designator=C? New Designator=C8013
Change Component Designator: Old Designator=L? New Designator=L8000
Change Component Designator: Old Designator=L? New Designator=L8001
Change Component Designator: Old Designator=Q8001 New Designator=Q8002
Change Component Designator: Old Designator=Q? New Designator=Q8001
Change Component Designator: Old Designator=Q? New Designator=Q8003
Change Component Designator: Old Designator=R8001 New Designator=R8002
Change Component Designator: Old Designator=R8002 New Designator=R8003
Change Component Designator: Old Designator=R8003 New Designator=R8004
Change Component Designator: Old Designator=R8004 New Designator=R8006
Change Component Designator: Old Designator=R8005 New Designator=R8007
Change Component Designator: Old Designator=R8006 New Designator=R8005
Change Component Designator: Old Designator=R8007 New Designator=R8008
Change Component Designator: Old Designator=R8008 New Designator=R8010
Change Component Designator: Old Designator=R8009 New Designator=R8011
Change Component Designator: Old Designator=R8010 New Designator=R8012
Change Component Designator: Old Designator=R8011 New Designator=R8013
Change Component Designator: Old Designator=R8012 New Designator=R8014
Change Component Designator: Old Designator=R? New Designator=R8001
Change Component Designator: Old Designator=R? New Designator=R8009
Change Component Designator: Old Designator=TP8006 New Designator=TP8007
Change Component Designator: Old Designator=TP8007 New Designator=TP8008
Change Component Designator: Old Designator=TP8008 New Designator=TP8009
Change Component Designator: Old Designator=TP8009 New Designator=TP8006
Change Component Designator: Old Designator=TP8014 New Designator=TP8015
Change Component Designator: Old Designator=TP8015 New Designator=TP8014
