Change Component Designator: Old Designator=C1 New Designator=C4000
Change Component Designator: Old Designator=C2 New Designator=C4001
Change Component Designator: Old Designator=C3 New Designator=C4002
Change Component Designator: Old Designator=C4 New Designator=C4003
Change Component Designator: Old Designator=C5 New Designator=C4004
Change Component Designator: Old Designator=C6 New Designator=C4005
Change Component Designator: Old Designator=C7 New Designator=C4006
Change Component Designator: Old Designator=C8 New Designator=C4007
Change Component Designator: Old Designator=C9 New Designator=C4008
Change Component Designator: Old Designator=IC1 New Designator=IC4000
Change Component Designator: Old Designator=L1 New Designator=L4000
Change Component Designator: Old Designator=R1 New Designator=R4000
Change Component Designator: Old Designator=R2 New Designator=R4001
Change Component Designator: Old Designator=R3 New Designator=R4002
Change Component Designator: Old Designator=R4 New Designator=R4003
Change Component Designator: Old Designator=R5 New Designator=R4004
Change Component Designator: Old Designator=R6 New Designator=R4005
Change Component Designator: Old Designator=R7 New Designator=R4006
Change Component Designator: Old Designator=TP1 New Designator=TP4000
Change Component Designator: Old Designator=TP2 New Designator=TP4001
Change Component Designator: Old Designator=TP3 New Designator=TP4002
Change Component Designator: Old Designator=TP4 New Designator=TP4003
Change Component Designator: Old Designator=TP5 New Designator=TP4004
Change Component Designator: Old Designator=TP6 New Designator=TP4005
Change Component Designator: Old Designator=TP7 New Designator=TP4006
Change Component Designator: Old Designator=TP8 New Designator=TP4007
Change Component Designator: Old Designator=TP9 New Designator=TP4008
Change Component Designator: Old Designator=TP10 New Designator=TP4009
