Change Component Designator: Old Designator=C1 New Designator=C3000
Change Component Designator: Old Designator=C2 New Designator=C3001
Change Component Designator: Old Designator=C3 New Designator=C3002
Change Component Designator: Old Designator=C4 New Designator=C3003
Change Component Designator: Old Designator=C5 New Designator=C3004
Change Component Designator: Old Designator=C6 New Designator=C3005
Change Component Designator: Old Designator=C7 New Designator=C3006
Change Component Designator: Old Designator=C8 New Designator=C3007
Change Component Designator: Old Designator=C9 New Designator=C3008
Change Component Designator: Old Designator=C10 New Designator=C3009
Change Component Designator: Old Designator=C11 New Designator=C3010
Change Component Designator: Old Designator=C12 New Designator=C3011
Change Component Designator: Old Designator=C13 New Designator=C3012
Change Component Designator: Old Designator=C14 New Designator=C3013
Change Component Designator: Old Designator=C15 New Designator=C3014
Change Component Designator: Old Designator=C16 New Designator=C3015
Change Component Designator: Old Designator=C17 New Designator=C3016
Change Component Designator: Old Designator=C18 New Designator=C3017
Change Component Designator: Old Designator=IC1 New Designator=IC3000
Change Component Designator: Old Designator=IC2 New Designator=IC3001
Change Component Designator: Old Designator=L1 New Designator=L3000
Change Component Designator: Old Designator=P1 New Designator=P3000
Change Component Designator: Old Designator=R1 New Designator=R3000
Change Component Designator: Old Designator=R2 New Designator=R3002
Change Component Designator: Old Designator=R3 New Designator=R3001
Change Component Designator: Old Designator=R4 New Designator=R3003
Change Component Designator: Old Designator=R5 New Designator=R3004
Change Component Designator: Old Designator=R6 New Designator=R3005
Change Component Designator: Old Designator=R7 New Designator=R3006
Change Component Designator: Old Designator=R8 New Designator=R3007
Change Component Designator: Old Designator=R9 New Designator=R3008
Change Component Designator: Old Designator=R10 New Designator=R3009
Change Component Designator: Old Designator=R11 New Designator=R3010
Change Component Designator: Old Designator=TP1 New Designator=TP3000
Change Component Designator: Old Designator=TP2 New Designator=TP3001
Change Component Designator: Old Designator=TP3 New Designator=TP3002
Change Component Designator: Old Designator=TP4 New Designator=TP3003
Change Component Designator: Old Designator=TP5 New Designator=TP3004
Change Component Designator: Old Designator=TP6 New Designator=TP3005
Change Component Designator: Old Designator=TP7 New Designator=TP3006
Change Component Designator: Old Designator=TP8 New Designator=TP3007
Change Component Designator: Old Designator=TP9 New Designator=TP3008
Change Component Designator: Old Designator=TP10 New Designator=TP3009
Change Component Designator: Old Designator=TP11 New Designator=TP3010
