Change Component Designator: Old Designator=C3002 New Designator=C3013
Change Component Designator: Old Designator=C3003 New Designator=C3002
Change Component Designator: Old Designator=C3004 New Designator=C3003
Change Component Designator: Old Designator=C3005 New Designator=C3004
Change Component Designator: Old Designator=C3006 New Designator=C3005
Change Component Designator: Old Designator=C3007 New Designator=C3006
Change Component Designator: Old Designator=C3008 New Designator=C3007
Change Component Designator: Old Designator=C3009 New Designator=C3008
Change Component Designator: Old Designator=C3010 New Designator=C3009
Change Component Designator: Old Designator=C3011 New Designator=C3010
Change Component Designator: Old Designator=C3012 New Designator=C3011
Change Component Designator: Old Designator=C3013 New Designator=C3012
Change Component Designator: Old Designator=C? New Designator=C3016
Change Component Designator: Old Designator=C? New Designator=C3017
Change Component Designator: Old Designator=IC? New Designator=IC3001
Change Component Designator: Old Designator=R3005 New Designator=R3004
Change Component Designator: Old Designator=R3008 New Designator=R3005
Change Component Designator: Old Designator=R3009 New Designator=R3006
Change Component Designator: Old Designator=R3010 New Designator=R3007
Change Component Designator: Old Designator=R? New Designator=R3008
Change Component Designator: Old Designator=TP3007 New Designator=TP3006
Change Component Designator: Old Designator=TP3008 New Designator=TP3007
Change Component Designator: Old Designator=TP3009 New Designator=TP3008
Change Component Designator: Old Designator=TP3010 New Designator=TP3009
